0 info it worked if it ends with ok
1 verbose cli [ '/usr/local/bin/node',
1 verbose cli   '/usr/local/bin/npm',
1 verbose cli   'install',
1 verbose cli   'eslint',
1 verbose cli   '--global' ]
2 info using npm@2.14.12
3 info using node@v4.2.6
4 verbose install initial load of /usr/local/lib/package.json
5 verbose readDependencies loading dependencies from /usr/local/lib/package.json
6 silly cache add args [ 'eslint', null ]
7 verbose cache add spec eslint
8 silly cache add parsed spec Result {
8 silly cache add   raw: 'eslint',
8 silly cache add   scope: null,
8 silly cache add   name: 'eslint',
8 silly cache add   rawSpec: '',
8 silly cache add   spec: 'latest',
8 silly cache add   type: 'tag' }
9 silly addNamed eslint@latest
10 verbose addNamed "latest" is being treated as a dist-tag for eslint
11 info addNameTag [ 'eslint', 'latest' ]
12 silly mapToRegistry name eslint
13 silly mapToRegistry using default registry
14 silly mapToRegistry registry https://registry.npmjs.org/
15 silly mapToRegistry uri https://registry.npmjs.org/eslint
16 verbose addNameTag registry:https://registry.npmjs.org/eslint not in flight; fetching
17 verbose request uri https://registry.npmjs.org/eslint
18 verbose request no auth needed
19 info attempt registry request try #1 at 6:11:10 PM
20 verbose request id 09fab2df8101fe59
21 verbose etag W/"58ee9cbf-6d70e"
22 verbose lastModified Wed, 12 Apr 2017 21:31:43 GMT
23 http request GET https://registry.npmjs.org/eslint
24 http 304 https://registry.npmjs.org/eslint
25 verbose headers { date: 'Thu, 13 Apr 2017 17:11:10 GMT',
25 verbose headers   via: '1.1 varnish',
25 verbose headers   'cache-control': 'max-age=300',
25 verbose headers   etag: 'W/"58ee9cbf-6d70e"',
25 verbose headers   age: '221',
25 verbose headers   connection: 'keep-alive',
25 verbose headers   'x-served-by': 'cache-lhr6327-LHR',
25 verbose headers   'x-cache': 'HIT',
25 verbose headers   'x-cache-hits': '2',
25 verbose headers   'x-timer': 'S1492103471.513860,VS0,VE0',
25 verbose headers   vary: 'Accept-Encoding' }
26 silly get cb [ 304,
26 silly get   { date: 'Thu, 13 Apr 2017 17:11:10 GMT',
26 silly get     via: '1.1 varnish',
26 silly get     'cache-control': 'max-age=300',
26 silly get     etag: 'W/"58ee9cbf-6d70e"',
26 silly get     age: '221',
26 silly get     connection: 'keep-alive',
26 silly get     'x-served-by': 'cache-lhr6327-LHR',
26 silly get     'x-cache': 'HIT',
26 silly get     'x-cache-hits': '2',
26 silly get     'x-timer': 'S1492103471.513860,VS0,VE0',
26 silly get     vary: 'Accept-Encoding' } ]
27 verbose etag https://registry.npmjs.org/eslint from cache
28 verbose get saving eslint to /Users/stevenparker/.npm/registry.npmjs.org/eslint/.cache.json
29 silly addNameTag next cb for eslint with tag latest
30 silly addNamed eslint@3.19.0
31 verbose addNamed "3.19.0" is a plain semver version for eslint
32 silly cache afterAdd eslint@3.19.0
33 verbose afterAdd /Users/stevenparker/.npm/eslint/3.19.0/package/package.json not in flight; writing
34 verbose afterAdd /Users/stevenparker/.npm/eslint/3.19.0/package/package.json written
35 silly install resolved [ { name: 'eslint',
35 silly install resolved     version: '3.19.0',
35 silly install resolved     author:
35 silly install resolved      { name: 'Nicholas C. Zakas',
35 silly install resolved        email: 'nicholas+npm@nczconsulting.com' },
35 silly install resolved     description: 'An AST-based pattern checker for JavaScript.',
35 silly install resolved     bin: { eslint: './bin/eslint.js' },
35 silly install resolved     main: './lib/api.js',
35 silly install resolved     scripts:
35 silly install resolved      { test: 'node Makefile.js test',
35 silly install resolved        lint: 'node Makefile.js lint',
35 silly install resolved        release: 'node Makefile.js release',
35 silly install resolved        'ci-release': 'node Makefile.js ciRelease',
35 silly install resolved        alpharelease: 'node Makefile.js prerelease -- alpha',
35 silly install resolved        betarelease: 'node Makefile.js prerelease -- beta',
35 silly install resolved        docs: 'node Makefile.js docs',
35 silly install resolved        gensite: 'node Makefile.js gensite',
35 silly install resolved        browserify: 'node Makefile.js browserify',
35 silly install resolved        perf: 'node Makefile.js perf',
35 silly install resolved        profile: 'beefy tests/bench/bench.js --open -- -t brfs -t ./tests/bench/xform-rules.js -r espree',
35 silly install resolved        coveralls: 'cat ./coverage/lcov.info | coveralls',
35 silly install resolved        'check-commit': 'node Makefile.js checkGitCommit' },
35 silly install resolved     files: [ 'LICENSE', 'README.md', 'bin', 'conf', 'lib', 'messages' ],
35 silly install resolved     repository: { type: 'git', url: 'git+https://github.com/eslint/eslint.git' },
35 silly install resolved     homepage: 'http://eslint.org',
35 silly install resolved     bugs: { url: 'https://github.com/eslint/eslint/issues/' },
35 silly install resolved     dependencies:
35 silly install resolved      { 'babel-code-frame': '^6.16.0',
35 silly install resolved        chalk: '^1.1.3',
35 silly install resolved        'concat-stream': '^1.5.2',
35 silly install resolved        debug: '^2.1.1',
35 silly install resolved        doctrine: '^2.0.0',
35 silly install resolved        escope: '^3.6.0',
35 silly install resolved        espree: '^3.4.0',
35 silly install resolved        esquery: '^1.0.0',
35 silly install resolved        estraverse: '^4.2.0',
35 silly install resolved        esutils: '^2.0.2',
35 silly install resolved        'file-entry-cache': '^2.0.0',
35 silly install resolved        glob: '^7.0.3',
35 silly install resolved        globals: '^9.14.0',
35 silly install resolved        ignore: '^3.2.0',
35 silly install resolved        imurmurhash: '^0.1.4',
35 silly install resolved        inquirer: '^0.12.0',
35 silly install resolved        'is-my-json-valid': '^2.10.0',
35 silly install resolved        'is-resolvable': '^1.0.0',
35 silly install resolved        'js-yaml': '^3.5.1',
35 silly install resolved        'json-stable-stringify': '^1.0.0',
35 silly install resolved        levn: '^0.3.0',
35 silly install resolved        lodash: '^4.0.0',
35 silly install resolved        mkdirp: '^0.5.0',
35 silly install resolved        'natural-compare': '^1.4.0',
35 silly install resolved        optionator: '^0.8.2',
35 silly install resolved        'path-is-inside': '^1.0.1',
35 silly install resolved        pluralize: '^1.2.1',
35 silly install resolved        progress: '^1.1.8',
35 silly install resolved        'require-uncached': '^1.0.2',
35 silly install resolved        shelljs: '^0.7.5',
35 silly install resolved        'strip-bom': '^3.0.0',
35 silly install resolved        'strip-json-comments': '~2.0.1',
35 silly install resolved        table: '^3.7.8',
35 silly install resolved        'text-table': '~0.2.0',
35 silly install resolved        'user-home': '^2.0.0' },
35 silly install resolved     devDependencies:
35 silly install resolved      { 'babel-polyfill': '^6.23.0',
35 silly install resolved        'babel-preset-es2015': '^6.24.0',
35 silly install resolved        babelify: '^7.3.0',
35 silly install resolved        beefy: '^2.1.8',
35 silly install resolved        brfs: '1.4.3',
35 silly install resolved        browserify: '^14.1.0',
35 silly install resolved        chai: '^3.5.0',
35 silly install resolved        cheerio: '^0.22.0',
35 silly install resolved        coveralls: '^2.12.0',
35 silly install resolved        dateformat: '^2.0.0',
35 silly install resolved        ejs: '^2.5.6',
35 silly install resolved        'eslint-plugin-eslint-plugin': '^0.7.1',
35 silly install resolved        'eslint-plugin-node': '^4.2.1',
35 silly install resolved        'eslint-release': '^0.10.1',
35 silly install resolved        esprima: '^3.1.3',
35 silly install resolved        'esprima-fb': '^15001.1001.0-dev-harmony-fb',
35 silly install resolved        istanbul: '^0.4.5',
35 silly install resolved        jsdoc: '^3.4.3',
35 silly install resolved        karma: '^1.5.0',
35 silly install resolved        'karma-babel-preprocessor': '^6.0.1',
35 silly install resolved        'karma-mocha': '^1.3.0',
35 silly install resolved        'karma-mocha-reporter': '^2.2.2',
35 silly install resolved        'karma-phantomjs-launcher': '^1.0.4',
35 silly install resolved        leche: '^2.1.2',
35 silly install resolved        'load-perf': '^0.2.0',
35 silly install resolved        markdownlint: '^0.4.0',
35 silly install resolved        mocha: '^3.2.0',
35 silly install resolved        'mock-fs': '^4.2.0',
35 silly install resolved        'npm-license': '^0.3.3',
35 silly install resolved        'phantomjs-prebuilt': '^2.1.14',
35 silly install resolved        proxyquire: '^1.7.11',
35 silly install resolved        semver: '^5.3.0',
35 silly install resolved        'shelljs-nodecli': '~0.1.1',
35 silly install resolved        sinon: '^2.0.0',
35 silly install resolved        temp: '^0.8.3',
35 silly install resolved        through: '^2.3.8' },
35 silly install resolved     keywords: [ 'ast', 'lint', 'javascript', 'ecmascript', 'espree' ],
35 silly install resolved     license: 'MIT',
35 silly install resolved     engines: { node: '>=4' },
35 silly install resolved     gitHead: '421aab44a9c167c82210bed52f68cf990b7edbea',
35 silly install resolved     _id: 'eslint@3.19.0',
35 silly install resolved     _shasum: 'c8fc6201c7f40dd08941b87c085767386a679acc',
35 silly install resolved     _from: 'eslint@latest',
35 silly install resolved     _npmVersion: '2.15.8',
35 silly install resolved     _nodeVersion: '4.4.7',
35 silly install resolved     _npmUser: { name: 'eslint', email: 'nicholas+eslint@nczconsulting.com' },
35 silly install resolved     dist:
35 silly install resolved      { shasum: 'c8fc6201c7f40dd08941b87c085767386a679acc',
35 silly install resolved        tarball: 'https://registry.npmjs.org/eslint/-/eslint-3.19.0.tgz' },
35 silly install resolved     maintainers: [ [Object], [Object], [Object] ],
35 silly install resolved     _npmOperationalInternal:
35 silly install resolved      { host: 'packages-18-east.internal.npmjs.com',
35 silly install resolved        tmp: 'tmp/eslint-3.19.0.tgz_1490990727935_0.47129299701191485' },
35 silly install resolved     directories: {},
35 silly install resolved     _resolved: 'https://registry.npmjs.org/eslint/-/eslint-3.19.0.tgz',
35 silly install resolved     readme: 'ERROR: No README data found!' } ]
36 info install eslint@3.19.0 into /usr/local/lib
37 info installOne eslint@3.19.0
38 verbose installOne of eslint to /usr/local/lib not in flight; installing
39 verbose lock using /Users/stevenparker/.npm/_locks/eslint-73063478b74e4f91.lock for /usr/local/lib/node_modules/eslint
40 silly install write writing eslint 3.19.0 to /usr/local/lib/node_modules/eslint
41 verbose unbuild lib/node_modules/eslint
42 info preuninstall eslint@3.19.0
43 info uninstall eslint@3.19.0
44 verbose unbuild rmStuff eslint@3.19.0 from /usr/local/lib/node_modules
45 silly gentlyRm /usr/local/bin/eslint is being gently removed
46 silly gentlyRm verifying /usr/local is an npm working directory
47 silly gentlyRm containing path /usr/local is under npm's control, in /usr/local
48 silly gentlyRm deletion target /usr/local/bin/eslint is under /usr/local
49 verbose gentlyRm vacuuming from /usr/local/bin/eslint up to /usr/local
50 silly vacuum-fs removing /usr/local/bin/eslint
51 silly vacuum-fs quitting because other entries in /usr/local/bin
52 info postuninstall eslint@3.19.0
53 silly gentlyRm /usr/local/lib/node_modules/eslint is being purged from base /usr/local
54 verbose gentlyRm don't care about contents; nuking /usr/local/lib/node_modules/eslint
55 silly vacuum-fs purging /usr/local/lib/node_modules/eslint
56 verbose unlock done using /Users/stevenparker/.npm/_locks/eslint-73063478b74e4f91.lock for /usr/local/lib/node_modules/eslint
57 verbose stack Error: EACCES: permission denied, rmdir '/usr/local/lib/node_modules/eslint'
57 verbose stack     at Error (native)
58 verbose cwd /Users/stevenparker/Github/myLab/happiness-pie
59 error Darwin 16.5.0
60 error argv "/usr/local/bin/node" "/usr/local/bin/npm" "install" "eslint" "--global"
61 error node v4.2.6
62 error npm  v2.14.12
63 error path /usr/local/lib/node_modules/eslint
64 error code EACCES
65 error errno -13
66 error syscall rmdir
67 error Error: EACCES: permission denied, rmdir '/usr/local/lib/node_modules/eslint'
67 error     at Error (native)
67 error  { [Error: EACCES: permission denied, rmdir '/usr/local/lib/node_modules/eslint']
67 error   errno: -13,
67 error   code: 'EACCES',
67 error   syscall: 'rmdir',
67 error   path: '/usr/local/lib/node_modules/eslint' }
68 error Please try running this command again as root/Administrator.
69 verbose exit [ -13, true ]
70 verbose unbuild lib/node_modules/eslint
71 info preuninstall eslint@3.19.0
72 info uninstall eslint@3.19.0
73 verbose unbuild rmStuff eslint@3.19.0 from /usr/local/lib/node_modules
74 silly gentlyRm /usr/local/bin/eslint is being gently removed
75 silly gentlyRm verifying /usr/local is an npm working directory
76 silly gentlyRm containing path /usr/local is under npm's control, in /usr/local
77 silly gentlyRm deletion target /usr/local/bin/eslint is under /usr/local
78 verbose gentlyRm vacuuming from /usr/local/bin/eslint up to /usr/local
79 info postuninstall eslint@3.19.0
80 silly gentlyRm /usr/local/lib/node_modules/eslint is being purged from base /usr/local
81 verbose gentlyRm don't care about contents; nuking /usr/local/lib/node_modules/eslint
82 silly vacuum-fs purging /usr/local/lib/node_modules/eslint
83 error error rolling back Error: EACCES: permission denied, rmdir '/usr/local/lib/node_modules/eslint'
83 error error rolling back     at Error (native)
83 error error rolling back  { [Error: EACCES: permission denied, rmdir '/usr/local/lib/node_modules/eslint']
83 error error rolling back   errno: -13,
83 error error rolling back   code: 'EACCES',
83 error error rolling back   syscall: 'rmdir',
83 error error rolling back   path: '/usr/local/lib/node_modules/eslint' }
